Using pre-set license

 COMMAND LINE ARGUMENTS:
/Applications/Unity/2020.3.3f1/Unity.app/Contents/MacOS/Unity
-adb2
-batchMode
-noUpm
-name
AssetImportWorker0
-projectPath
/Users/u/Files/Repositories/github.com/is8r_unity/example-FPSCounter
-logFile
Logs/AssetImportWorker0.log
-srvPort
52364
Successfully changed project path to: /Users/u/Files/Repositories/github.com/is8r_unity/example-FPSCounter
/Users/u/Files/Repositories/github.com/is8r_unity/example-FPSCounter
Using Asset Import Pipeline V2.
Refreshing native plugins compatible for Editor in 19.49 ms, found 1 plugins.
Preloading 0 native plugins for Editor in 0.00 ms.
Initialize engine version: 2020.3.3f1 (76626098c1c4)
[Subsystems] Discovering subsystems at path /Applications/Unity/2020.3.3f1/Unity.app/Contents/Resources/UnitySubsystems
[Subsystems] Discovering subsystems at path /Users/u/Files/Repositories/github.com/is8r_unity/example-FPSCounter/Assets
GfxDevice: creating device client; threaded=0
2021-08-21 17:09:29.916 Unity[27866:7177215] EV2451 preferred device: Intel(R) Iris(TM) Plus Graphics (low power)
2021-08-21 17:09:29.916 Unity[27866:7177215] Metal devices available: 1
2021-08-21 17:09:29.916 Unity[27866:7177215] 0: Intel(R) Iris(TM) Plus Graphics (low power)
2021-08-21 17:09:29.917 Unity[27866:7177215] Using device Intel(R) Iris(TM) Plus Graphics (low power)
Initializing Metal device caps: Intel(R) Iris(TM) Plus Graphics
Initialize mono
Mono path[0] = '/Applications/Unity/2020.3.3f1/Unity.app/Contents/Managed'
Mono path[1] = '/Applications/Unity/2020.3.3f1/Unity.app/Contents/MonoBleedingEdge/lib/mono/unityjit'
Mono config path = '/Applications/Unity/2020.3.3f1/Unity.app/Contents/MonoBleedingEdge/etc'
Using monoOptions --debugger-agent=transport=dt_socket,embedding=1,server=y,suspend=n,address=127.0.0.1:56866
Begin MonoManager ReloadAssembly
Registering precompiled unity dll's ...
Register platform support module: /Applications/Unity/2020.3.3f1/PlaybackEngines/WebGLSupport/UnityEditor.WebGL.Extensions.dll
Register platform support module: /Applications/Unity/2020.3.3f1/Unity.app/Contents/PlaybackEngines/MacStandaloneSupport/UnityEditor.OSXStandalone.Extensions.dll
Registered in 0.000632 seconds.
Native extension for OSXStandalone target not found
Native extension for WebGL target not found
Refreshing native plugins compatible for Editor in 19.34 ms, found 1 plugins.
Preloading 0 native plugins for Editor in 0.00 ms.
Invoked RoslynAnalysisRunner static constructor.
RoslynAnalysisRunner will not be running.
RoslynAnalysisRunner has terminated.
Mono: successfully reloaded assembly
- Completed reload, in  2.603 seconds
Platform modules already initialized, skipping
Registering precompiled user dll's ...
Registered in 0.000526 seconds.
Begin MonoManager ReloadAssembly
Native extension for OSXStandalone target not found
Native extension for WebGL target not found
Refreshing native plugins compatible for Editor in 0.18 ms, found 1 plugins.
Preloading 0 native plugins for Editor in 0.00 ms.
Invoked RoslynAnalysisRunner static constructor.
RoslynAnalysisRunner will not be running.
RoslynAnalysisRunner has terminated.
Mono: successfully reloaded assembly
- Completed reload, in  0.824 seconds
Platform modules already initialized, skipping
========================================================================
Worker process is ready to serve import requests
Launching external process: /Applications/Unity/2020.3.3f1/Unity.app/Contents/Tools/UnityShaderCompiler
Launched and connected shader compiler UnityShaderCompiler after 0.01 seconds
Refreshing native plugins compatible for Editor in 0.23 ms, found 1 plugins.
Preloading 0 native plugins for Editor in 0.00 ms.
Unloading 1116 Unused Serialized files (Serialized files now loaded: 0)
System memory in use before: 114.8 MB.
System memory in use after: 114.8 MB.

Unloading 10 unused Assets to reduce memory usage. Loaded Objects now: 1559.
Total: 2.171733 ms (FindLiveObjects: 0.144730 ms CreateObjectMapping: 0.033523 ms MarkObjects: 1.897349 ms  DeleteObjects: 0.095165 ms)

========================================================================
Received Import Request.
  path: Assets/FPSCounter/Scripts/FPSCounter.cs
  artifactKey: Guid(ad08cf065f81d4acdae8c9de53495edb) Importer(815301076,1909f56bfc062723c751e8b465ee728b)
Start importing Assets/FPSCounter/Scripts/FPSCounter.cs using Guid(ad08cf065f81d4acdae8c9de53495edb) Importer(815301076,1909f56bfc062723c751e8b465ee728b)  -> (artifact id: 'a62a7bfa09a447e9ccebaa1b422c2557') in 0.772616 seconds
  Import took 0.774464 seconds .

========================================================================
Received Prepare
Registering precompiled user dll's ...
Registered in 0.000294 seconds.
Begin MonoManager ReloadAssembly
Native extension for OSXStandalone target not found
Native extension for WebGL target not found
Refreshing native plugins compatible for Editor in 0.15 ms, found 1 plugins.
Preloading 0 native plugins for Editor in 0.00 ms.
Invoked RoslynAnalysisRunner static constructor.
RoslynAnalysisRunner will not be running.
RoslynAnalysisRunner has terminated.
Mono: successfully reloaded assembly
- Completed reload, in  0.861 seconds
Platform modules already initialized, skipping
Refreshing native plugins compatible for Editor in 0.17 ms, found 1 plugins.
Preloading 0 native plugins for Editor in 0.00 ms.
Unloading 783 Unused Serialized files (Serialized files now loaded: 0)
System memory in use before: 110.0 MB.
System memory in use after: 110.1 MB.

Unloading 75 unused Assets to reduce memory usage. Loaded Objects now: 1492.
Total: 1.588251 ms (FindLiveObjects: 0.136729 ms CreateObjectMapping: 0.047254 ms MarkObjects: 1.331955 ms  DeleteObjects: 0.071052 ms)

AssetImportWorkerClient::OnTransportError - code=2 error=End of file
